android/app/build/intermediates/manifest_merge_blame_file/debug/manifest-merger-blame-debug-report.txt
1<?xml version="1.0" encoding="utf-8"?>
2<manifest xmlns:android="http://schemas.android.com/apk/res/android"
3    package="com.nexus.controllerhub"
4    android:versionCode="1"
5    android:versionName="1.0" >
6
7    <uses-sdk
8        android:minSdkVersion="24"
9        android:targetSdkVersion="34" />
10
11    <!-- Required permissions for controller input and accessibility -->
12    <uses-permission android:name="android.permission.BIND_ACCESSIBILITY_SERVICE" />
12-->src/main/AndroidManifest.xml:6:5-85
12-->src/main/AndroidManifest.xml:6:22-82
13    <uses-permission android:name="android.permission.SYSTEM_ALERT_WINDOW" />
13-->src/main/AndroidManifest.xml:7:5-78
13-->src/main/AndroidManifest.xml:7:22-75
14    <uses-permission
14-->src/main/AndroidManifest.xml:8:5-9:38
15        android:name="android.permission.WRITE_EXTERNAL_STORAGE"
15-->src/main/AndroidManifest.xml:8:22-78
16        android:maxSdkVersion="28" />
16-->src/main/AndroidManifest.xml:9:9-35
17    <uses-permission
17-->src/main/AndroidManifest.xml:10:5-11:38
18        android:name="android.permission.READ_EXTERNAL_STORAGE"
18-->src/main/AndroidManifest.xml:10:22-77
19        android:maxSdkVersion="32" />
19-->src/main/AndroidManifest.xml:11:9-35
20
21    <!-- For Android 13+ file access -->
22    <uses-permission android:name="android.permission.READ_MEDIA_IMAGES" />
22-->src/main/AndroidManifest.xml:14:5-76
22-->src/main/AndroidManifest.xml:14:22-73
23    <uses-permission android:name="android.permission.READ_MEDIA_VIDEO" />
23-->src/main/AndroidManifest.xml:15:5-75
23-->src/main/AndroidManifest.xml:15:22-72
24    <uses-permission android:name="android.permission.READ_MEDIA_AUDIO" />
24-->src/main/AndroidManifest.xml:16:5-75
24-->src/main/AndroidManifest.xml:16:22-72
25
26    <!-- Controller and input device features -->
27    <uses-feature
27-->src/main/AndroidManifest.xml:19:5-21:36
28        android:name="android.hardware.gamepad"
28-->src/main/AndroidManifest.xml:20:9-48
29        android:required="false" />
29-->src/main/AndroidManifest.xml:21:9-33
30    <uses-feature
30-->src/main/AndroidManifest.xml:22:5-24:36
31        android:name="android.hardware.usb.host"
31-->src/main/AndroidManifest.xml:23:9-49
32        android:required="false" />
32-->src/main/AndroidManifest.xml:24:9-33
33    <uses-feature
33-->src/main/AndroidManifest.xml:25:5-27:36
34        android:name="android.hardware.bluetooth"
34-->src/main/AndroidManifest.xml:26:9-50
35        android:required="false" />
35-->src/main/AndroidManifest.xml:27:9-33
36
37    <permission
37-->[androidx.core:core:1.12.0] AndroidManifest.xml:22:5-24:47
38        android:name="com.nexus.controllerhub.DYNAMIC_RECEIVER_NOT_EXPORTED_PERMISSION"
38-->[androidx.core:core:1.12.0] AndroidManifest.xml:23:9-81
39        android:protectionLevel="signature" />
39-->[androidx.core:core:1.12.0] AndroidManifest.xml:24:9-44
40
41    <uses-permission android:name="com.nexus.controllerhub.DYNAMIC_RECEIVER_NOT_EXPORTED_PERMISSION" />
41-->[androidx.core:core:1.12.0] AndroidManifest.xml:26:5-97
41-->[androidx.core:core:1.12.0] AndroidManifest.xml:26:22-94
42
43    <application
43-->src/main/AndroidManifest.xml:29:5-75:19
44        android:allowBackup="true"
44-->src/main/AndroidManifest.xml:30:9-35
45        android:appComponentFactory="androidx.core.app.CoreComponentFactory"
45-->[androidx.core:core:1.12.0] AndroidManifest.xml:28:18-86
46        android:dataExtractionRules="@xml/data_extraction_rules"
46-->src/main/AndroidManifest.xml:31:9-65
47        android:debuggable="true"
48        android:extractNativeLibs="false"
49        android:fullBackupContent="@xml/backup_rules"
49-->src/main/AndroidManifest.xml:32:9-54
50        android:icon="@mipmap/ic_launcher"
50-->src/main/AndroidManifest.xml:33:9-43
51        android:label="@string/app_name"
51-->src/main/AndroidManifest.xml:34:9-41
52        android:roundIcon="@mipmap/ic_launcher_round"
52-->src/main/AndroidManifest.xml:35:9-54
53        android:supportsRtl="true"
53-->src/main/AndroidManifest.xml:36:9-35
54        android:theme="@style/Theme.NexusControllerHub" >
54-->src/main/AndroidManifest.xml:37:9-56
55
56        <!-- Main Activity -->
57        <activity
57-->src/main/AndroidManifest.xml:41:9-50:20
58            android:name="com.nexus.controllerhub.MainActivity"
58-->src/main/AndroidManifest.xml:42:13-41
59            android:exported="true"
59-->src/main/AndroidManifest.xml:43:13-36
60            android:label="@string/app_name"
60-->src/main/AndroidManifest.xml:44:13-45
61            android:theme="@style/Theme.NexusControllerHub" >
61-->src/main/AndroidManifest.xml:45:13-60
62            <intent-filter>
62-->src/main/AndroidManifest.xml:46:13-49:29
63                <action android:name="android.intent.action.MAIN" />
63-->src/main/AndroidManifest.xml:47:17-69
63-->src/main/AndroidManifest.xml:47:25-66
64
65                <category android:name="android.intent.category.LAUNCHER" />
65-->src/main/AndroidManifest.xml:48:17-77
65-->src/main/AndroidManifest.xml:48:27-74
66            </intent-filter>
67        </activity>
68
69        <!-- Accessibility Service for controller input interception -->
70        <service
70-->src/main/AndroidManifest.xml:53:9-63:19
71            android:name="com.nexus.controllerhub.service.ControllerAccessibilityService"
71-->src/main/AndroidManifest.xml:54:13-67
72            android:exported="false"
72-->src/main/AndroidManifest.xml:55:13-37
73            android:permission="android.permission.BIND_ACCESSIBILITY_SERVICE" >
73-->src/main/AndroidManifest.xml:56:13-79
74            <intent-filter>
74-->src/main/AndroidManifest.xml:57:13-59:29
75                <action android:name="android.accessibilityservice.AccessibilityService" />
75-->src/main/AndroidManifest.xml:58:17-92
75-->src/main/AndroidManifest.xml:58:25-89
76            </intent-filter>
77
78            <meta-data
78-->src/main/AndroidManifest.xml:60:13-62:72
79                android:name="android.accessibilityservice"
79-->src/main/AndroidManifest.xml:61:17-60
80                android:resource="@xml/accessibility_service_config" />
80-->src/main/AndroidManifest.xml:62:17-69
81        </service>
82
83        <!-- File provider for sharing profiles -->
84        <provider
85            android:name="androidx.core.content.FileProvider"
85-->src/main/AndroidManifest.xml:67:13-62
86            android:authorities="com.nexus.controllerhub.fileprovider"
86-->src/main/AndroidManifest.xml:68:13-64
87            android:exported="false"
87-->src/main/AndroidManifest.xml:69:13-37
88            android:grantUriPermissions="true" >
88-->src/main/AndroidManifest.xml:70:13-47
89            <meta-data
89-->src/main/AndroidManifest.xml:71:13-73:54
90                android:name="android.support.FILE_PROVIDER_PATHS"
90-->src/main/AndroidManifest.xml:72:17-67
91                android:resource="@xml/file_paths" />
91-->src/main/AndroidManifest.xml:73:17-51
92        </provider>
93
94        <activity
94-->[androidx.compose.ui:ui-tooling-android:1.5.4] AndroidManifest.xml:23:9-25:39
95            android:name="androidx.compose.ui.tooling.PreviewActivity"
95-->[androidx.compose.ui:ui-tooling-android:1.5.4] AndroidManifest.xml:24:13-71
96            android:exported="true" />
96-->[androidx.compose.ui:ui-tooling-android:1.5.4] AndroidManifest.xml:25:13-36
97
98        <provider
98-->[androidx.emoji2:emoji2:1.4.0] AndroidManifest.xml:24:9-32:20
99            android:name="androidx.startup.InitializationProvider"
99-->[androidx.emoji2:emoji2:1.4.0] AndroidManifest.xml:25:13-67
100            android:authorities="com.nexus.controllerhub.androidx-startup"
100-->[androidx.emoji2:emoji2:1.4.0] AndroidManifest.xml:26:13-68
101            android:exported="false" >
101-->[androidx.emoji2:emoji2:1.4.0] AndroidManifest.xml:27:13-37
102            <meta-data
102-->[androidx.emoji2:emoji2:1.4.0] AndroidManifest.xml:29:13-31:52
103                android:name="androidx.emoji2.text.EmojiCompatInitializer"
103-->[androidx.emoji2:emoji2:1.4.0] AndroidManifest.xml:30:17-75
104                android:value="androidx.startup" />
104-->[androidx.emoji2:emoji2:1.4.0] AndroidManifest.xml:31:17-49
105            <meta-data
105-->[androidx.lifecycle:lifecycle-process:2.7.0] AndroidManifest.xml:29:13-31:52
106                android:name="androidx.lifecycle.ProcessLifecycleInitializer"
106-->[androidx.lifecycle:lifecycle-process:2.7.0] AndroidManifest.xml:30:17-78
107                android:value="androidx.startup" />
107-->[androidx.lifecycle:lifecycle-process:2.7.0] AndroidManifest.xml:31:17-49
108            <meta-data
108-->[androidx.profileinstaller:profileinstaller:1.3.0] AndroidManifest.xml:29:13-31:52
109                android:name="androidx.profileinstaller.ProfileInstallerInitializer"
109-->[androidx.profileinstaller:profileinstaller:1.3.0] AndroidManifest.xml:30:17-85
110                android:value="androidx.startup" />
110-->[androidx.profileinstaller:profileinstaller:1.3.0] AndroidManifest.xml:31:17-49
111        </provider>
112
113        <activity
113-->[androidx.compose.ui:ui-test-manifest:1.5.4] AndroidManifest.xml:23:9-25:39
114            android:name="androidx.activity.ComponentActivity"
114-->[androidx.compose.ui:ui-test-manifest:1.5.4] AndroidManifest.xml:24:13-63
115            android:exported="true" />
115-->[androidx.compose.ui:ui-test-manifest:1.5.4] AndroidManifest.xml:25:13-36
116
117        <service
117-->[androidx.room:room-runtime:2.6.1] AndroidManifest.xml:24:9-28:63
118            android:name="androidx.room.MultiInstanceInvalidationService"
118-->[androidx.room:room-runtime:2.6.1] AndroidManifest.xml:25:13-74
119            android:directBootAware="true"
119-->[androidx.room:room-runtime:2.6.1] AndroidManifest.xml:26:13-43
120            android:exported="false" />
120-->[androidx.room:room-runtime:2.6.1] AndroidManifest.xml:27:13-37
121
122        <receiver
122-->[androidx.profileinstaller:profileinstaller:1.3.0] AndroidManifest.xml:34:9-52:20
123            android:name="androidx.profileinstaller.ProfileInstallReceiver"
123-->[androidx.profileinstaller:profileinstaller:1.3.0] AndroidManifest.xml:35:13-76
124            android:directBootAware="false"
124-->[androidx.profileinstaller:profileinstaller:1.3.0] AndroidManifest.xml:36:13-44
125            android:enabled="true"
125-->[androidx.profileinstaller:profileinstaller:1.3.0] AndroidManifest.xml:37:13-35
126            android:exported="true"
126-->[androidx.profileinstaller:profileinstaller:1.3.0] AndroidManifest.xml:38:13-36
127            android:permission="android.permission.DUMP" >
127-->[androidx.profileinstaller:profileinstaller:1.3.0] AndroidManifest.xml:39:13-57
128            <intent-filter>
128-->[androidx.profileinstaller:profileinstaller:1.3.0] AndroidManifest.xml:40:13-42:29
129                <action android:name="androidx.profileinstaller.action.INSTALL_PROFILE" />
129-->[androidx.profileinstaller:profileinstaller:1.3.0] AndroidManifest.xml:41:17-91
129-->[androidx.profileinstaller:profileinstaller:1.3.0] AndroidManifest.xml:41:25-88
130            </intent-filter>
131            <intent-filter>
131-->[androidx.profileinstaller:profileinstaller:1.3.0] AndroidManifest.xml:43:13-45:29
132                <action android:name="androidx.profileinstaller.action.SKIP_FILE" />
132-->[androidx.profileinstaller:profileinstaller:1.3.0] AndroidManifest.xml:44:17-85
132-->[androidx.profileinstaller:profileinstaller:1.3.0] AndroidManifest.xml:44:25-82
133            </intent-filter>
134            <intent-filter>
134-->[androidx.profileinstaller:profileinstaller:1.3.0] AndroidManifest.xml:46:13-48:29
135                <action android:name="androidx.profileinstaller.action.SAVE_PROFILE" />
135-->[androidx.profileinstaller:profileinstaller:1.3.0] AndroidManifest.xml:47:17-88
135-->[androidx.profileinstaller:profileinstaller:1.3.0] AndroidManifest.xml:47:25-85
136            </intent-filter>
137            <intent-filter>
137-->[androidx.profileinstaller:profileinstaller:1.3.0] AndroidManifest.xml:49:13-51:29
138                <action android:name="androidx.profileinstaller.action.BENCHMARK_OPERATION" />
138-->[androidx.profileinstaller:profileinstaller:1.3.0] AndroidManifest.xml:50:17-95
138-->[androidx.profileinstaller:profileinstaller:1.3.0] AndroidManifest.xml:50:25-92
139            </intent-filter>
140        </receiver>
141    </application>
142
143</manifest>